mode: set
github.com\jjeffery\stringset\stringset.go:18.27,20.2 1 1
github.com\jjeffery\stringset\stringset.go:24.36,25.16 1 1
github.com\jjeffery\stringset\stringset.go:28.2,28.22 1 1
github.com\jjeffery\stringset\stringset.go:31.2,31.12 1 1
github.com\jjeffery\stringset\stringset.go:25.16,27.3 1 1
github.com\jjeffery\stringset\stringset.go:28.22,30.3 1 1
github.com\jjeffery\stringset\stringset.go:38.37,39.16 1 1
github.com\jjeffery\stringset\stringset.go:42.2,42.22 1 1
github.com\jjeffery\stringset\stringset.go:45.2,45.12 1 1
github.com\jjeffery\stringset\stringset.go:39.16,40.25 1 1
github.com\jjeffery\stringset\stringset.go:42.22,44.3 1 1
github.com\jjeffery\stringset\stringset.go:50.40,51.16 1 1
github.com\jjeffery\stringset\stringset.go:56.2,56.12 1 1
github.com\jjeffery\stringset\stringset.go:51.16,52.23 1 1
github.com\jjeffery\stringset\stringset.go:52.23,54.4 1 1
github.com\jjeffery\stringset\stringset.go:60.26,62.2 1 1
github.com\jjeffery\stringset\stringset.go:65.40,68.2 2 1
github.com\jjeffery\stringset\stringset.go:71.38,72.28 1 1
github.com\jjeffery\stringset\stringset.go:75.2,75.21 1 1
github.com\jjeffery\stringset\stringset.go:80.2,80.13 1 1
github.com\jjeffery\stringset\stringset.go:72.28,74.3 1 1
github.com\jjeffery\stringset\stringset.go:75.21,76.29 1 1
github.com\jjeffery\stringset\stringset.go:76.29,78.4 1 1
github.com\jjeffery\stringset\stringset.go:85.34,86.19 1 1
github.com\jjeffery\stringset\stringset.go:89.2,90.21 2 1
github.com\jjeffery\stringset\stringset.go:93.2,93.21 1 1
github.com\jjeffery\stringset\stringset.go:97.2,97.15 1 1
github.com\jjeffery\stringset\stringset.go:86.19,88.3 1 1
github.com\jjeffery\stringset\stringset.go:90.21,92.3 1 1
github.com\jjeffery\stringset\stringset.go:93.21,96.3 1 1
github.com\jjeffery\stringset\stringset.go:103.40,106.2 2 1
github.com\jjeffery\stringset\stringset.go:109.46,111.16 2 1
github.com\jjeffery\stringset\stringset.go:114.2,114.27 1 1
github.com\jjeffery\stringset\stringset.go:111.16,113.3 1 1
github.com\jjeffery\stringset\stringset.go:118.50,120.52 2 1
github.com\jjeffery\stringset\stringset.go:123.2,123.17 1 1
github.com\jjeffery\stringset\stringset.go:128.2,128.12 1 1
github.com\jjeffery\stringset\stringset.go:120.52,122.3 1 1
github.com\jjeffery\stringset\stringset.go:123.17,125.3 1 1
github.com\jjeffery\stringset\stringset.go:125.3,127.3 1 1
github.com\jjeffery\stringset\stringset.go:132.34,133.16 1 1
github.com\jjeffery\stringset\stringset.go:136.2,136.40 1 1
github.com\jjeffery\stringset\stringset.go:133.16,135.3 1 1
github.com\jjeffery\stringset\stringset.go:140.44,143.2 2 1
